<?xml version="1.0" encoding="UTF-8"?>
<!-- Generated by org.testng.reporters.JUnitReportReporter -->
<testsuite hostname="DESKTOP-AGOQQT3" failures="0" tests="2" name="Java1.Demo1.Tc1" time="0.011" errors="0" timestamp="2024-01-11T16:21:39 IST" skipped="0">
  <testcase classname="Java1.Demo1.Tc1" name="test2" time="0.007"/>
  <system-out/>
  <testcase classname="Java1.Demo1.Tc1" name="test1" time="0.004"/>
  <system-out/>
</testsuite> <!-- Java1.Demo1.Tc1 -->
