<?xml version="1.0" encoding="UTF-8"?>
<!-- Generated by org.testng.reporters.JUnitReportReporter -->
<testsuite hostname="DESKTOP-AGOQQT3" failures="0" tests="3" name="Java1.Demo1.Demo" time="0.038" errors="0" timestamp="2024-01-11T16:17:23 IST" skipped="0">
  <testcase classname="Java1.Demo1.Demo" name="setup" time="0.034"/>
  <system-out/>
  <testcase classname="Java1.Demo1.Demo" name="tearDown" time="0.002"/>
  <system-out/>
  <testcase classname="Java1.Demo1.Demo" name="login" time="0.002"/>
  <system-out/>
</testsuite> <!-- Java1.Demo1.Demo -->
