<?xml version="1.0" encoding="UTF-8"?>
<!-- Generated by org.testng.reporters.JUnitReportReporter -->
<testsuite hostname="DESKTOP-AGOQQT3" failures="0" tests="4" name="Java1.Demo1.Demo2" time="0.011" errors="0" timestamp="2024-01-11T16:17:23 IST" skipped="0">
  <testcase classname="Java1.Demo1.Demo2" name="setup" time="0.002"/>
  <system-out/>
  <testcase classname="Java1.Demo1.Demo2" name="SearchCustomer" time="0.003"/>
  <system-out/>
  <testcase classname="Java1.Demo1.Demo2" name="tearDown" time="0.003"/>
  <system-out/>
  <testcase classname="Java1.Demo1.Demo2" name="addCustomerTest" time="0.003"/>
  <system-out/>
</testsuite> <!-- Java1.Demo1.Demo2 -->
