<?xml version="1.0" encoding="UTF-8"?>
<!-- Generated by org.testng.reporters.JUnitReportReporter -->
<testsuite hostname="DESKTOP-AGOQQT3" failures="0" tests="2" name="Java1.Demo1.Tc2" time="0.039" errors="0" timestamp="2024-01-11T16:21:39 IST" skipped="0">
  <testcase classname="Java1.Demo1.Tc2" name="test3" time="0.035"/>
  <system-out/>
  <testcase classname="Java1.Demo1.Tc2" name="test4" time="0.004"/>
  <system-out/>
</testsuite> <!-- Java1.Demo1.Tc2 -->
